<?xml version="1.0" encoding="UTF-8"?>
<testsuite xmlns:xsi="http://www.w3.org/2001/XMLSchema-instance" xsi:noNamespaceSchemaLocation="https://maven.apache.org/surefire/maven-surefire-plugin/xsd/surefire-test-report-3.0.xsd" version="3.0" name="ro_tuc.OperationsTest" time="0.097" tests="6" errors="0" skipped="0" failures="0">
  <properties>
[...]
</properties>
  <testcase name="subTest" classname="ro_tuc.OperationsTest" time="0.05"/>
  <testcase name="integrateTest" classname="ro_tuc.OperationsTest" time="0.001"/>
  <testcase name="addTest" classname="ro_tuc.OperationsTest" time="0.001"/>
  <testcase name="derivativeTest" classname="ro_tuc.OperationsTest" time="0.001"/>
  <testcase name="mulTest" classname="ro_tuc.OperationsTest" time="0.001"/>
  <testcase name="divTest" classname="ro_tuc.OperationsTest" time="0.001"/>
</testsuite>